[2019-05-11 10:15:33] –¢–µ–∫—Å—Ç –æ—à–∏–±–∫–∏: Undefined offset: 0 | –§–∞–π–ª: C:\xampp\htdocs\fw\app\controllers\MessagesController.php, | –°—Ç—Ä–æ–∫–∞: 55
==========================
[2019-05-11 10:15:55] –¢–µ–∫—Å—Ç –æ—à–∏–±–∫–∏: Undefined offset: 0 | –§–∞–π–ª: C:\xampp\htdocs\fw\app\controllers\MessagesController.php, | –°—Ç—Ä–æ–∫–∞: 55
==========================
[2019-05-11 10:19:02] –¢–µ–∫—Å—Ç –æ—à–∏–±–∫–∏: Undefined offset: 0 | –§–∞–π–ª: C:\xampp\htdocs\fw\app\controllers\MessagesController.php, | –°—Ç—Ä–æ–∫–∞: 55
==========================
[2019-05-11 10:19:11] –¢–µ–∫—Å—Ç –æ—à–∏–±–∫–∏: Undefined offset: 0 | –§–∞–π–ª: C:\xampp\htdocs\fw\app\controllers\MessagesController.php, | –°—Ç—Ä–æ–∫–∞: 55
==========================
[2019-05-11 10:20:15] –¢–µ–∫—Å—Ç –æ—à–∏–±–∫–∏: Undefined offset: 0 | –§–∞–π–ª: C:\xampp\htdocs\fw\app\controllers\MessagesController.php, | –°—Ç—Ä–æ–∫–∞: 55
==========================
[2019-05-11 10:20:22] –¢–µ–∫—Å—Ç –æ—à–∏–±–∫–∏: Undefined offset: 0 | –§–∞–π–ª: C:\xampp\htdocs\fw\app\controllers\MessagesController.php, | –°—Ç—Ä–æ–∫–∞: 55
==========================
[2019-05-15 10:35:12] –¢–µ–∫—Å—Ç –æ—à–∏–±–∫–∏: Undefined variable: test | –§–∞–π–ª: C:\xampp\htdocs\fw\app\views\Userpage\Index.php, | –°—Ç—Ä–æ–∫–∞: 72
==========================
[2019-05-20 06:59:10] –¢–µ–∫—Å—Ç –æ—à–∏–±–∫–∏: syntax error, unexpected end of file, expecting elseif (T_ELSEIF) or else (T_ELSE) or endif (T_ENDIF) | –§–∞–π–ª: C:\xampp\htdocs\fw\app\views\layouts\default.php, | –°—Ç—Ä–æ–∫–∞: 253
==========================
[2019-05-20 18:23:41] –¢–µ–∫—Å—Ç –æ—à–∏–±–∫–∏: Access to undeclared static property: Stremer::$status | –§–∞–π–ª: C:\xampp\htdocs\fw\app\views\layouts\default.php, | –°—Ç—Ä–æ–∫–∞: 197
==========================
[2019-05-20 18:24:30] –¢–µ–∫—Å—Ç –æ—à–∏–±–∫–∏: syntax error, unexpected '=' | –§–∞–π–ª: C:\xampp\htdocs\fw\app\views\layouts\default.php, | –°—Ç—Ä–æ–∫–∞: 125
==========================
[2019-05-20 18:26:08] –¢–µ–∫—Å—Ç –æ—à–∏–±–∫–∏: Undefined variable: status | –§–∞–π–ª: C:\xampp\htdocs\fw\app\views\layouts\default.php, | –°—Ç—Ä–æ–∫–∞: 197
==========================
[2019-05-20 18:26:41] –¢–µ–∫—Å—Ç –æ—à–∏–±–∫–∏: Class 'stremer' not found | –§–∞–π–ª: C:\xampp\htdocs\fw\app\views\Userpage\Index.php, | –°—Ç—Ä–æ–∫–∞: 80
==========================
[2019-05-20 18:27:41] –¢–µ–∫—Å—Ç –æ—à–∏–±–∫–∏: Class 'stremer' not found | –§–∞–π–ª: C:\xampp\htdocs\fw\app\views\Userpage\Index.php, | –°—Ç—Ä–æ–∫–∞: 81
==========================
[2019-05-20 18:30:19] –¢–µ–∫—Å—Ç –æ—à–∏–±–∫–∏: Class 'stremer' not found | –§–∞–π–ª: C:\xampp\htdocs\fw\app\views\Userpage\Index.php, | –°—Ç—Ä–æ–∫–∞: 81
==========================
[2019-05-20 18:30:49] –¢–µ–∫—Å—Ç –æ—à–∏–±–∫–∏: Class 'Stremer' not found | –§–∞–π–ª: C:\xampp\htdocs\fw\app\views\Userpage\Index.php, | –°—Ç—Ä–æ–∫–∞: 81
==========================
[2019-05-20 18:32:15] –¢–µ–∫—Å—Ç –æ—à–∏–±–∫–∏: Class 'Stremer' not found | –§–∞–π–ª: C:\xampp\htdocs\fw\app\views\Userpage\Index.php, | –°—Ç—Ä–æ–∫–∞: 81
==========================
[2019-05-20 18:33:28] –¢–µ–∫—Å—Ç –æ—à–∏–±–∫–∏: Class 'Stremer' not found | –§–∞–π–ª: C:\xampp\htdocs\fw\app\views\Userpage\Index.php, | –°—Ç—Ä–æ–∫–∞: 81
==========================
[2019-05-20 18:42:10] –¢–µ–∫—Å—Ç –æ—à–∏–±–∫–∏: Call to undefined function test() | –§–∞–π–ª: C:\xampp\htdocs\fw\app\views\Userpage\Index.php, | –°—Ç—Ä–æ–∫–∞: 81
==========================
[2019-05-20 18:43:09] –¢–µ–∫—Å—Ç –æ—à–∏–±–∫–∏: Call to undefined function test() | –§–∞–π–ª: C:\xampp\htdocs\fw\app\controllers\UserpageController.php, | –°—Ç—Ä–æ–∫–∞: 73
==========================
[2019-05-20 18:52:12] –¢–µ–∫—Å—Ç –æ—à–∏–±–∫–∏: Call to undefined function status() | –§–∞–π–ª: C:\xampp\htdocs\fw\app\views\Userpage\Index.php, | –°—Ç—Ä–æ–∫–∞: 81
==========================
[2019-05-21 06:41:34] –¢–µ–∫—Å—Ç –æ—à–∏–±–∫–∏: Undefined index: user | –§–∞–π–ª: C:\xampp\htdocs\fw\app\views\layouts\default.php, | –°—Ç—Ä–æ–∫–∞: 45
==========================
[2019-05-21 06:41:39] –¢–µ–∫—Å—Ç –æ—à–∏–±–∫–∏: Undefined index: user | –§–∞–π–ª: C:\xampp\htdocs\fw\app\views\layouts\default.php, | –°—Ç—Ä–æ–∫–∞: 45
==========================
[2019-05-21 06:41:44] –¢–µ–∫—Å—Ç –æ—à–∏–±–∫–∏: Undefined index: user | –§–∞–π–ª: C:\xampp\htdocs\fw\app\views\layouts\default.php, | –°—Ç—Ä–æ–∫–∞: 45
==========================
[2019-05-21 06:42:36] –¢–µ–∫—Å—Ç –æ—à–∏–±–∫–∏: Undefined index: user | –§–∞–π–ª: C:\xampp\htdocs\fw\app\views\layouts\default.php, | –°—Ç—Ä–æ–∫–∞: 45
==========================
[2019-05-21 06:42:39] –¢–µ–∫—Å—Ç –æ—à–∏–±–∫–∏: Undefined index: user | –§–∞–π–ª: C:\xampp\htdocs\fw\app\views\layouts\default.php, | –°—Ç—Ä–æ–∫–∞: 45
==========================
[2019-05-21 06:42:40] –¢–µ–∫—Å—Ç –æ—à–∏–±–∫–∏: Undefined index: user | –§–∞–π–ª: C:\xampp\htdocs\fw\app\views\layouts\default.php, | –°—Ç—Ä–æ–∫–∞: 45
==========================
[2019-05-21 06:42:53] –¢–µ–∫—Å—Ç –æ—à–∏–±–∫–∏: Undefined index: user | –§–∞–π–ª: C:\xampp\htdocs\fw\app\views\layouts\default.php, | –°—Ç—Ä–æ–∫–∞: 45
==========================
[2019-05-21 06:42:59] –¢–µ–∫—Å—Ç –æ—à–∏–±–∫–∏: Undefined index: user | –§–∞–π–ª: C:\xampp\htdocs\fw\app\views\layouts\default.php, | –°—Ç—Ä–æ–∫–∞: 45
==========================
[2019-05-21 13:33:49] –¢–µ–∫—Å—Ç –æ—à–∏–±–∫–∏: session_start(): A session had already been started - ignoring | –§–∞–π–ª: C:\xampp\htdocs\fw\app\views\layouts\default.php, | –°—Ç—Ä–æ–∫–∞: 1
==========================
[2019-05-21 15:04:45] –¢–µ–∫—Å—Ç –æ—à–∏–±–∫–∏: Undefined index: user | –§–∞–π–ª: C:\xampp\htdocs\fw\app\controllers\UserpageController.php, | –°—Ç—Ä–æ–∫–∞: 46
==========================
[2019-07-24 08:19:20] –¢–µ–∫—Å—Ç –æ—à–∏–±–∫–∏: date(): It is not safe to rely on the system's timezone settings. You are *required* to use the date.timezone setting or the date_default_timezone_set() function. In case you used any of those methods and you are still getting this warning, you most likely misspelled the timezone identifier. We selected the timezone 'UTC' for now, but please set date.timezone to select your timezone. | –§–∞–π–ª: /home/Content/web/podolog-moskow.ru/public_html/fw/vendor/fw/core/ErrorHandler.php, | –°—Ç—Ä–æ–∫–∞: 47
==========================
[2019-07-29 11:09:39] –¢–µ–∫—Å—Ç –æ—à–∏–±–∫–∏: SQLSTATE[HY000] [1045] Access denied for user 'Content_admin'@'localhost' (using password: YES) | –§–∞–π–ª: C:\xampp\htdocs\admin\example\vendor\fw\core\Db.php, | –°—Ç—Ä–æ–∫–∞: 18
==========================
[2019-07-29 12:05:32] –¢–µ–∫—Å—Ç –æ—à–∏–±–∫–∏: SQLSTATE[HY000] [1045] Access denied for user 'superadmin'@'localhost' (using password: YES) | –§–∞–π–ª: C:\xampp\htdocs\admin\example\app\models\AppModel.php, | –°—Ç—Ä–æ–∫–∞: 19
==========================
[2019-07-29 12:13:35] –¢–µ–∫—Å—Ç –æ—à–∏–±–∫–∏: SQLSTATE[HY000] [1045] Access denied for user 'superadmin'@'localhost' (using password: YES) | –§–∞–π–ª: C:\xampp\htdocs\admin\example\app\models\upload.php, | –°—Ç—Ä–æ–∫–∞: 33
==========================
[2019-07-29 14:14:29] –¢–µ–∫—Å—Ç –æ—à–∏–±–∫–∏: Class 'app\controllers\input' not found | –§–∞–π–ª: C:\xampp\htdocs\admin\example\app\controllers\SetController.php, | –°—Ç—Ä–æ–∫–∞: 35
==========================
[2019-07-29 14:15:49] –¢–µ–∫—Å—Ç –æ—à–∏–±–∫–∏: Class 'app\models\uploader' not found | –§–∞–π–ª: C:\xampp\htdocs\admin\example\app\controllers\SetController.php, | –°—Ç—Ä–æ–∫–∞: 35
==========================
[2019-07-29 14:16:11] –¢–µ–∫—Å—Ç –æ—à–∏–±–∫–∏: Class 'app\models\uploader' not found | –§–∞–π–ª: C:\xampp\htdocs\admin\example\app\controllers\SetController.php, | –°—Ç—Ä–æ–∫–∞: 35
==========================
[2019-07-29 14:16:26] –¢–µ–∫—Å—Ç –æ—à–∏–±–∫–∏: Class 'app\models\CURLFile' not found | –§–∞–π–ª: C:\xampp\htdocs\admin\example\app\models\uploader.php, | –°—Ç—Ä–æ–∫–∞: 68
==========================
[2019-07-29 14:39:09] –¢–µ–∫—Å—Ç –æ—à–∏–±–∫–∏: Class 'app\models\CURLFile' not found | –§–∞–π–ª: C:\xampp\htdocs\admin\example\app\models\uploader.php, | –°—Ç—Ä–æ–∫–∞: 68
==========================
[2019-07-29 14:39:33] –¢–µ–∫—Å—Ç –æ—à–∏–±–∫–∏: Class 'app\models\uploader' not found | –§–∞–π–ª: C:\xampp\htdocs\admin\example\app\controllers\SetController.php, | –°—Ç—Ä–æ–∫–∞: 35
==========================
[2019-07-29 14:39:45] –¢–µ–∫—Å—Ç –æ—à–∏–±–∫–∏: Class 'app\models\CURLFile' not found | –§–∞–π–ª: C:\xampp\htdocs\admin\example\app\models\uploader.php, | –°—Ç—Ä–æ–∫–∞: 67
==========================
[2019-07-29 14:44:38] –¢–µ–∫—Å—Ç –æ—à–∏–±–∫–∏: Class 'app\models\CURLFile' not found | –§–∞–π–ª: C:\xampp\htdocs\admin\example\app\models\uploader.php, | –°—Ç—Ä–æ–∫–∞: 62
==========================
[2019-07-30 12:30:39] –¢–µ–∫—Å—Ç –æ—à–∏–±–∫–∏: Undefined variable: result | –§–∞–π–ª: C:\xampp\htdocs\multisite\app\views\Set\index.php, | –°—Ç—Ä–æ–∫–∞: 24
==========================
[2019-07-30 16:15:16] –¢–µ–∫—Å—Ç –æ—à–∏–±–∫–∏: Undefined variable: test | –§–∞–π–ª: C:\xampp\htdocs\multisite\app\views\Updatedb\index.php, | –°—Ç—Ä–æ–∫–∞: 3
==========================
[2019-07-30 16:15:26] –¢–µ–∫—Å—Ç –æ—à–∏–±–∫–∏: Undefined variable: test | –§–∞–π–ª: C:\xampp\htdocs\multisite\app\views\Updatedb\index.php, | –°—Ç—Ä–æ–∫–∞: 3
==========================
[2019-07-31 09:32:42] –¢–µ–∫—Å—Ç –æ—à–∏–±–∫–∏: Array to string conversion | –§–∞–π–ª: C:\xampp\htdocs\multisite\app\controllers\UpdatedbController.php, | –°—Ç—Ä–æ–∫–∞: 14
==========================
[2019-07-31 09:32:54] –¢–µ–∫—Å—Ç –æ—à–∏–±–∫–∏: Array to string conversion | –§–∞–π–ª: C:\xampp\htdocs\multisite\app\controllers\UpdatedbController.php, | –°—Ç—Ä–æ–∫–∞: 14
==========================
[2019-07-31 09:33:26] –¢–µ–∫—Å—Ç –æ—à–∏–±–∫–∏: Array to string conversion | –§–∞–π–ª: C:\xampp\htdocs\multisite\app\controllers\UpdatedbController.php, | –°—Ç—Ä–æ–∫–∞: 14
==========================
[2019-07-31 09:35:29] –¢–µ–∫—Å—Ç –æ—à–∏–±–∫–∏: Array to string conversion | –§–∞–π–ª: C:\xampp\htdocs\multisite\app\controllers\UpdatedbController.php, | –°—Ç—Ä–æ–∫–∞: 14
==========================
[2019-07-31 09:35:39] –¢–µ–∫—Å—Ç –æ—à–∏–±–∫–∏: Array to string conversion | –§–∞–π–ª: C:\xampp\htdocs\multisite\app\controllers\UpdatedbController.php, | –°—Ç—Ä–æ–∫–∞: 14
==========================
[2019-07-31 09:48:29] –¢–µ–∫—Å—Ç –æ—à–∏–±–∫–∏: Array to string conversion | –§–∞–π–ª: C:\xampp\htdocs\multisite\app\controllers\UpdatedbController.php, | –°—Ç—Ä–æ–∫–∞: 14
==========================
[2019-07-31 09:58:31] –¢–µ–∫—Å—Ç –æ—à–∏–±–∫–∏: SQLSTATE[HY000] [2002] œÓ‰ÍÎ˛˜ÂÌËÂ ÌÂ ÛÒÚ‡ÌÓ‚ÎÂÌÓ, Ú.Í. ÍÓÌÂ˜Ì˚È ÍÓÏÔ¸˛ÚÂ ÓÚ‚Â„ Á‡ÔÓÒ Ì‡ ÔÓ‰ÍÎ˛˜ÂÌËÂ.
 | –§–∞–π–ª: C:\xampp\htdocs\multisite\app\models\AppModel.php, | –°—Ç—Ä–æ–∫–∞: 19
==========================
[2019-07-31 09:59:01] –¢–µ–∫—Å—Ç –æ—à–∏–±–∫–∏: Undefined variable: test | –§–∞–π–ª: C:\xampp\htdocs\multisite\app\views\Updatedb\index.php, | –°—Ç—Ä–æ–∫–∞: 14
==========================
[2019-07-31 09:59:05] –¢–µ–∫—Å—Ç –æ—à–∏–±–∫–∏: Undefined variable: test | –§–∞–π–ª: C:\xampp\htdocs\multisite\app\views\Updatedb\index.php, | –°—Ç—Ä–æ–∫–∞: 14
==========================
[2019-07-31 09:59:25] –¢–µ–∫—Å—Ç –æ—à–∏–±–∫–∏: SQLSTATE[HY000] [2002] œÓ‰ÍÎ˛˜ÂÌËÂ ÌÂ ÛÒÚ‡ÌÓ‚ÎÂÌÓ, Ú.Í. ÍÓÌÂ˜Ì˚È ÍÓÏÔ¸˛ÚÂ ÓÚ‚Â„ Á‡ÔÓÒ Ì‡ ÔÓ‰ÍÎ˛˜ÂÌËÂ.
 | –§–∞–π–ª: C:\xampp\htdocs\multisite\app\models\AppModel.php, | –°—Ç—Ä–æ–∫–∞: 19
==========================
[2019-07-31 10:01:23] –¢–µ–∫—Å—Ç –æ—à–∏–±–∫–∏: SQLSTATE[HY000] [2002] œÓ‰ÍÎ˛˜ÂÌËÂ ÌÂ ÛÒÚ‡ÌÓ‚ÎÂÌÓ, Ú.Í. ÍÓÌÂ˜Ì˚È ÍÓÏÔ¸˛ÚÂ ÓÚ‚Â„ Á‡ÔÓÒ Ì‡ ÔÓ‰ÍÎ˛˜ÂÌËÂ.
 | –§–∞–π–ª: C:\xampp\htdocs\multisite\vendor\fw\core\Db.php, | –°—Ç—Ä–æ–∫–∞: 18
==========================
[2019-07-31 10:03:13] –¢–µ–∫—Å—Ç –æ—à–∏–±–∫–∏: SQLSTATE[HY000] [2002] œÓ‰ÍÎ˛˜ÂÌËÂ ÌÂ ÛÒÚ‡ÌÓ‚ÎÂÌÓ, Ú.Í. ÍÓÌÂ˜Ì˚È ÍÓÏÔ¸˛ÚÂ ÓÚ‚Â„ Á‡ÔÓÒ Ì‡ ÔÓ‰ÍÎ˛˜ÂÌËÂ.
 | –§–∞–π–ª: C:\xampp\htdocs\multisite\app\models\AppModel.php, | –°—Ç—Ä–æ–∫–∞: 19
==========================
[2019-07-31 10:03:27] –¢–µ–∫—Å—Ç –æ—à–∏–±–∫–∏: Undefined variable: test | –§–∞–π–ª: C:\xampp\htdocs\multisite\app\views\Updatedb\index.php, | –°—Ç—Ä–æ–∫–∞: 14
==========================
[2019-07-31 12:59:20] –¢–µ–∫—Å—Ç –æ—à–∏–±–∫–∏: SQLSTATE[HY000] [1049] Unknown database 'example' | –§–∞–π–ª: C:\xampp\htdocs\multisite\vendor\fw\core\Db.php, | –°—Ç—Ä–æ–∫–∞: 18
==========================
[2019-07-31 12:59:20] –¢–µ–∫—Å—Ç –æ—à–∏–±–∫–∏: SQLSTATE[HY000] [1049] Unknown database 'example' | –§–∞–π–ª: C:\xampp\htdocs\multisite\vendor\fw\core\Db.php, | –°—Ç—Ä–æ–∫–∞: 18
==========================
[2019-07-31 12:59:52] –¢–µ–∫—Å—Ç –æ—à–∏–±–∫–∏: SQLSTATE[42S02]: Base table or view not found: 1146 Table 'example.post' doesn't exist | –§–∞–π–ª: C:\xampp\htdocs\multisite\vendor\fw\core\Db.php, | –°—Ç—Ä–æ–∫–∞: 39
==========================
[2019-07-31 12:59:52] –¢–µ–∫—Å—Ç –æ—à–∏–±–∫–∏: A non well formed numeric value encountered | –§–∞–π–ª: C:\xampp\htdocs\multisite\vendor\fw\core\ErrorHandler.php, | –°—Ç—Ä–æ–∫–∞: 51
==========================
[2019-07-31 13:07:40] –¢–µ–∫—Å—Ç –æ—à–∏–±–∫–∏: Undefined variable: test | –§–∞–π–ª: C:\xampp\htdocs\multisite\app\views\Updatedb\index.php, | –°—Ç—Ä–æ–∫–∞: 40
==========================
[2019-07-31 13:08:01] –¢–µ–∫—Å—Ç –æ—à–∏–±–∫–∏: Undefined variable: test | –§–∞–π–ª: C:\xampp\htdocs\multisite\app\views\Updatedb\index.php, | –°—Ç—Ä–æ–∫–∞: 40
==========================
[2019-07-31 13:08:05] –¢–µ–∫—Å—Ç –æ—à–∏–±–∫–∏: Undefined variable: test | –§–∞–π–ª: C:\xampp\htdocs\multisite\app\views\Updatedb\index.php, | –°—Ç—Ä–æ–∫–∞: 40
==========================
[2019-07-31 13:08:23] –¢–µ–∫—Å—Ç –æ—à–∏–±–∫–∏: Undefined variable: array | –§–∞–π–ª: C:\xampp\htdocs\multisite\app\views\Updatedb\index.php, | –°—Ç—Ä–æ–∫–∞: 40
==========================
[2019-07-31 13:08:30] –¢–µ–∫—Å—Ç –æ—à–∏–±–∫–∏: Undefined variable: array | –§–∞–π–ª: C:\xampp\htdocs\multisite\app\views\Updatedb\index.php, | –°—Ç—Ä–æ–∫–∞: 40
==========================
[2019-07-31 13:47:27] –¢–µ–∫—Å—Ç –æ—à–∏–±–∫–∏: Invalid argument supplied for foreach() | –§–∞–π–ª: C:\xampp\htdocs\multisite\app\controllers\UpdatedbController.php, | –°—Ç—Ä–æ–∫–∞: 15
==========================
[2019-07-31 13:47:56] –¢–µ–∫—Å—Ç –æ—à–∏–±–∫–∏: Invalid argument supplied for foreach() | –§–∞–π–ª: C:\xampp\htdocs\multisite\app\controllers\UpdatedbController.php, | –°—Ç—Ä–æ–∫–∞: 15
==========================
[2019-07-31 13:49:34] –¢–µ–∫—Å—Ç –æ—à–∏–±–∫–∏: Invalid argument supplied for foreach() | –§–∞–π–ª: C:\xampp\htdocs\multisite\app\controllers\UpdatedbController.php, | –°—Ç—Ä–æ–∫–∞: 15
==========================
[2019-07-31 13:52:33] –¢–µ–∫—Å—Ç –æ—à–∏–±–∫–∏: Undefined variable: array | –§–∞–π–ª: C:\xampp\htdocs\multisite\app\views\Updatedb\index.php, | –°—Ç—Ä–æ–∫–∞: 37
==========================
[2019-07-31 13:54:20] –¢–µ–∫—Å—Ç –æ—à–∏–±–∫–∏: Maximum execution time of 30 seconds exceeded | –§–∞–π–ª: C:\xampp\htdocs\multisite\app\models\update.php, | –°—Ç—Ä–æ–∫–∞: 17
==========================
[2019-07-31 13:58:37] –¢–µ–∫—Å—Ç –æ—à–∏–±–∫–∏: Undefined variable: array | –§–∞–π–ª: C:\xampp\htdocs\multisite\app\views\Updatedb\index.php, | –°—Ç—Ä–æ–∫–∞: 37
==========================
[2019-07-31 14:00:14] –¢–µ–∫—Å—Ç –æ—à–∏–±–∫–∏: Undefined variable: array | –§–∞–π–ª: C:\xampp\htdocs\multisite\app\views\Updatedb\index.php, | –°—Ç—Ä–æ–∫–∞: 37
==========================
[2019-08-01 10:11:28] –¢–µ–∫—Å—Ç –æ—à–∏–±–∫–∏: Undefined variable: array | –§–∞–π–ª: C:\xampp\htdocs\multisite\app\views\Updatedb\index.php, | –°—Ç—Ä–æ–∫–∞: 62
==========================
[2019-08-01 10:54:11] –¢–µ–∫—Å—Ç –æ—à–∏–±–∫–∏: Too few arguments to function app\models\Update::set_images(), 5 passed in C:\xampp\htdocs\multisite\app\controllers\UpdatedbController.php on line 28 and exactly 6 expected | –§–∞–π–ª: C:\xampp\htdocs\multisite\app\models\update.php, | –°—Ç—Ä–æ–∫–∞: 87
==========================
[2019-08-01 10:54:26] –¢–µ–∫—Å—Ç –æ—à–∏–±–∫–∏: Undefined variable: array | –§–∞–π–ª: C:\xampp\htdocs\multisite\app\views\Updatedb\index.php, | –°—Ç—Ä–æ–∫–∞: 62
==========================
[2019-08-01 11:46:58] –¢–µ–∫—Å—Ç –æ—à–∏–±–∫–∏: Undefined variable: output_products | –§–∞–π–ª: C:\xampp\htdocs\multisite\app\views\Updatedb\index.php, | –°—Ç—Ä–æ–∫–∞: 72
==========================
[2019-08-02 09:41:47] –¢–µ–∫—Å—Ç –æ—à–∏–±–∫–∏: Illegal string offset 'data' | –§–∞–π–ª: C:\xampp\htdocs\multisite\app\controllers\UpdatedbController.php, | –°—Ç—Ä–æ–∫–∞: 27
==========================
[2019-08-02 10:00:30] –¢–µ–∫—Å—Ç –æ—à–∏–±–∫–∏: Undefined variable: output_products | –§–∞–π–ª: C:\xampp\htdocs\multisite\app\controllers\UpdatedbController.php, | –°—Ç—Ä–æ–∫–∞: 25
==========================
[2019-08-02 12:22:26] –¢–µ–∫—Å—Ç –æ—à–∏–±–∫–∏: Undefined variable: response | –§–∞–π–ª: C:\xampp\htdocs\multisite\app\views\Updatedb\index.php, | –°—Ç—Ä–æ–∫–∞: 70
==========================
[2019-08-02 12:22:49] –¢–µ–∫—Å—Ç –æ—à–∏–±–∫–∏: compact(): Undefined variable: output_products | –§–∞–π–ª: C:\xampp\htdocs\multisite\app\controllers\UpdatedbController.php, | –°—Ç—Ä–æ–∫–∞: 45
==========================
[2019-08-02 12:23:04] –¢–µ–∫—Å—Ç –æ—à–∏–±–∫–∏: Undefined variable: output_products | –§–∞–π–ª: C:\xampp\htdocs\multisite\app\views\Updatedb\index.php, | –°—Ç—Ä–æ–∫–∞: 66
==========================
[2019-08-02 12:31:07] –¢–µ–∫—Å—Ç –æ—à–∏–±–∫–∏: Trying to get property 'lastinsertid' of non-object | –§–∞–π–ª: C:\xampp\htdocs\multisite\app\views\Updatedb\index.php, | –°—Ç—Ä–æ–∫–∞: 67
==========================
[2019-08-02 12:33:42] –¢–µ–∫—Å—Ç –æ—à–∏–±–∫–∏: Trying to get property 'data' of non-object | –§–∞–π–ª: C:\xampp\htdocs\multisite\app\views\Updatedb\index.php, | –°—Ç—Ä–æ–∫–∞: 70
==========================
[2019-08-02 12:45:01] –¢–µ–∫—Å—Ç –æ—à–∏–±–∫–∏: Trying to get property 'data' of non-object | –§–∞–π–ª: C:\xampp\htdocs\multisite\app\views\Updatedb\index.php, | –°—Ç—Ä–æ–∫–∞: 70
==========================
[2019-08-02 12:53:47] –¢–µ–∫—Å—Ç –æ—à–∏–±–∫–∏: Trying to get property 'status_message' of non-object | –§–∞–π–ª: C:\xampp\htdocs\multisite\app\views\Updatedb\index.php, | –°—Ç—Ä–æ–∫–∞: 69
==========================
[2019-08-02 13:12:34] –¢–µ–∫—Å—Ç –æ—à–∏–±–∫–∏: Undefined variable: cart | –§–∞–π–ª: C:\xampp\htdocs\multisite\app\views\Updatedb\index.php, | –°—Ç—Ä–æ–∫–∞: 73
==========================
[2019-08-02 13:24:59] –¢–µ–∫—Å—Ç –æ—à–∏–±–∫–∏: extract() expects parameter 1 to be array, string given | –§–∞–π–ª: C:\xampp\htdocs\multisite\app\controllers\UpdatedbController.php, | –°—Ç—Ä–æ–∫–∞: 29
==========================
[2019-08-02 13:28:47] –¢–µ–∫—Å—Ç –æ—à–∏–±–∫–∏: extract() expects parameter 1 to be array, null given | –§–∞–π–ª: C:\xampp\htdocs\multisite\app\controllers\UpdatedbController.php, | –°—Ç—Ä–æ–∫–∞: 27
==========================
[2019-08-02 13:33:03] –¢–µ–∫—Å—Ç –æ—à–∏–±–∫–∏: Trying to get property 'status_message' of non-object | –§–∞–π–ª: C:\xampp\htdocs\multisite\app\views\Updatedb\index.php, | –°—Ç—Ä–æ–∫–∞: 74
==========================
[2019-08-02 13:38:25] –¢–µ–∫—Å—Ç –æ—à–∏–±–∫–∏: Array to string conversion | –§–∞–π–ª: C:\xampp\htdocs\multisite\app\views\Updatedb\index.php, | –°—Ç—Ä–æ–∫–∞: 73
==========================
[2019-08-02 13:52:24] –¢–µ–∫—Å—Ç –æ—à–∏–±–∫–∏: Trying to get property 'data' of non-object | –§–∞–π–ª: C:\xampp\htdocs\multisite\app\views\Updatedb\index.php, | –°—Ç—Ä–æ–∫–∞: 79
==========================
[2019-08-02 13:52:45] –¢–µ–∫—Å—Ç –æ—à–∏–±–∫–∏: Trying to get property 'data' of non-object | –§–∞–π–ª: C:\xampp\htdocs\multisite\app\views\Updatedb\index.php, | –°—Ç—Ä–æ–∫–∞: 79
==========================
[2019-08-02 13:54:33] –¢–µ–∫—Å—Ç –æ—à–∏–±–∫–∏: Illegal string offset 'data' | –§–∞–π–ª: C:\xampp\htdocs\multisite\app\views\Updatedb\index.php, | –°—Ç—Ä–æ–∫–∞: 78
==========================
[2019-08-02 14:00:26] –¢–µ–∫—Å—Ç –æ—à–∏–±–∫–∏: json_decode() expects parameter 1 to be string, array given | –§–∞–π–ª: C:\xampp\htdocs\multisite\app\views\Updatedb\index.php, | –°—Ç—Ä–æ–∫–∞: 72
==========================
[2019-08-02 14:00:35] –¢–µ–∫—Å—Ç –æ—à–∏–±–∫–∏: syntax error, unexpected ',' | –§–∞–π–ª: C:\xampp\htdocs\multisite\app\views\Updatedb\index.php, | –°—Ç—Ä–æ–∫–∞: 72
==========================
[2019-08-02 14:04:28] –¢–µ–∫—Å—Ç –æ—à–∏–±–∫–∏: Array to string conversion | –§–∞–π–ª: C:\xampp\htdocs\multisite\app\views\Updatedb\index.php, | –°—Ç—Ä–æ–∫–∞: 77
==========================
[2019-08-02 14:04:46] –¢–µ–∫—Å—Ç –æ—à–∏–±–∫–∏: Invalid argument supplied for foreach() | –§–∞–π–ª: C:\xampp\htdocs\multisite\app\views\Updatedb\index.php, | –°—Ç—Ä–æ–∫–∞: 77
==========================
[2019-08-02 14:05:06] –¢–µ–∫—Å—Ç –æ—à–∏–±–∫–∏: json_decode() expects parameter 1 to be string, array given | –§–∞–π–ª: C:\xampp\htdocs\multisite\app\views\Updatedb\index.php, | –°—Ç—Ä–æ–∫–∞: 72
==========================
[2019-08-02 14:16:59] –¢–µ–∫—Å—Ç –æ—à–∏–±–∫–∏: ob_end_flush(): failed to delete and flush buffer. No buffer to delete or flush | –§–∞–π–ª: C:\xampp\htdocs\multisite\vendor\fw\core\ErrorHandler.php, | –°—Ç—Ä–æ–∫–∞: 37
==========================
[2019-08-02 14:21:53] –¢–µ–∫—Å—Ç –æ—à–∏–±–∫–∏: Call to undefined function app\controllers\set_product_to_category() | –§–∞–π–ª: C:\xampp\htdocs\multisite\app\controllers\UpdatedbController.php, | –°—Ç—Ä–æ–∫–∞: 39
==========================
[2019-08-02 14:23:44] –¢–µ–∫—Å—Ç –æ—à–∏–±–∫–∏: Cannot redeclare App\models\getDB() (previously declared in C:\xampp\htdocs\multisite\app\models\AppModel.php:13) | –§–∞–π–ª: C:\xampp\htdocs\multisite\app\models\AppModel.php, | –°—Ç—Ä–æ–∫–∞: 11
==========================
[2019-08-02 14:24:37] –¢–µ–∫—Å—Ç –æ—à–∏–±–∫–∏: Illegal string offset 'lastinsertid' | –§–∞–π–ª: C:\xampp\htdocs\multisite\app\controllers\UpdatedbController.php, | –°—Ç—Ä–æ–∫–∞: 35
==========================
[2019-08-02 14:25:30] –¢–µ–∫—Å—Ç –æ—à–∏–±–∫–∏: Undefined index: category_id | –§–∞–π–ª: C:\xampp\htdocs\multisite\app\controllers\UpdatedbController.php, | –°—Ç—Ä–æ–∫–∞: 40
==========================
[2019-08-02 14:27:20] –¢–µ–∫—Å—Ç –æ—à–∏–±–∫–∏: Undefined index: category_id | –§–∞–π–ª: C:\xampp\htdocs\multisite\app\controllers\UpdatedbController.php, | –°—Ç—Ä–æ–∫–∞: 40
==========================
[2019-08-02 14:37:27] –¢–µ–∫—Å—Ç –æ—à–∏–±–∫–∏: syntax error, unexpected '[', expecting ',' or ';' | –§–∞–π–ª: C:\xampp\htdocs\multisite\app\controllers\UpdatedbController.php, | –°—Ç—Ä–æ–∫–∞: 9
==========================
[2019-08-02 14:37:57] –¢–µ–∫—Å—Ç –æ—à–∏–±–∫–∏: Undefined index: category_id | –§–∞–π–ª: C:\xampp\htdocs\multisite\app\controllers\UpdatedbController.php, | –°—Ç—Ä–æ–∫–∞: 40
==========================
[2019-08-02 14:39:23] –¢–µ–∫—Å—Ç –æ—à–∏–±–∫–∏: Undefined variable: output_category | –§–∞–π–ª: C:\xampp\htdocs\multisite\app\views\Updatedb\index.php, | –°—Ç—Ä–æ–∫–∞: 64
==========================
[2019-08-02 14:39:52] –¢–µ–∫—Å—Ç –æ—à–∏–±–∫–∏: Illegal string offset 'lastinsertid' | –§–∞–π–ª: C:\xampp\htdocs\multisite\app\controllers\UpdatedbController.php, | –°—Ç—Ä–æ–∫–∞: 36
==========================
[2019-08-02 14:40:16] –¢–µ–∫—Å—Ç –æ—à–∏–±–∫–∏: Undefined variable: output_category | –§–∞–π–ª: C:\xampp\htdocs\multisite\app\views\Updatedb\index.php, | –°—Ç—Ä–æ–∫–∞: 64
==========================
[2019-08-02 14:41:03] –¢–µ–∫—Å—Ç –æ—à–∏–±–∫–∏: Undefined variable: output_category | –§–∞–π–ª: C:\xampp\htdocs\multisite\app\views\Updatedb\index.php, | –°—Ç—Ä–æ–∫–∞: 64
==========================
[2019-08-02 14:41:53] –¢–µ–∫—Å—Ç –æ—à–∏–±–∫–∏: Undefined variable: output_category | –§–∞–π–ª: C:\xampp\htdocs\multisite\app\views\Updatedb\index.php, | –°—Ç—Ä–æ–∫–∞: 64
==========================
[2019-08-02 14:42:24] –¢–µ–∫—Å—Ç –æ—à–∏–±–∫–∏: Undefined variable: output_category | –§–∞–π–ª: C:\xampp\htdocs\multisite\app\views\Updatedb\index.php, | –°—Ç—Ä–æ–∫–∞: 64
==========================
[2019-08-02 14:42:38] –¢–µ–∫—Å—Ç –æ—à–∏–±–∫–∏: Undefined variable: output_category | –§–∞–π–ª: C:\xampp\htdocs\multisite\app\views\Updatedb\index.php, | –°—Ç—Ä–æ–∫–∞: 64
==========================
[2019-08-02 14:44:50] –¢–µ–∫—Å—Ç –æ—à–∏–±–∫–∏: Undefined variable: output_category | –§–∞–π–ª: C:\xampp\htdocs\multisite\app\views\Updatedb\index.php, | –°—Ç—Ä–æ–∫–∞: 72
==========================
[2019-08-02 14:45:13] –¢–µ–∫—Å—Ç –æ—à–∏–±–∫–∏: Illegal string offset 'lastinsertid' | –§–∞–π–ª: C:\xampp\htdocs\multisite\app\controllers\UpdatedbController.php, | –°—Ç—Ä–æ–∫–∞: 36
==========================
[2019-08-02 14:45:43] –¢–µ–∫—Å—Ç –æ—à–∏–±–∫–∏: Array to string conversion | –§–∞–π–ª: C:\xampp\htdocs\multisite\app\views\Updatedb\index.php, | –°—Ç—Ä–æ–∫–∞: 72
==========================
[2019-08-02 15:04:23] –¢–µ–∫—Å—Ç –æ—à–∏–±–∫–∏: Undefined index: image_id | –§–∞–π–ª: C:\xampp\htdocs\multisite\app\controllers\UpdatedbController.php, | –°—Ç—Ä–æ–∫–∞: 41
==========================
[2019-08-02 15:17:00] –¢–µ–∫—Å—Ç –æ—à–∏–±–∫–∏: Undefined index: image_id | –§–∞–π–ª: C:\xampp\htdocs\multisite\app\controllers\UpdatedbController.php, | –°—Ç—Ä–æ–∫–∞: 43
==========================
[2019-08-02 16:11:07] –¢–µ–∫—Å—Ç –æ—à–∏–±–∫–∏: Too few arguments to function app\models\Update::set_images(), 5 passed in C:\xampp\htdocs\multisite\app\controllers\UpdatedbController.php on line 45 and exactly 6 expected | –§–∞–π–ª: C:\xampp\htdocs\multisite\app\models\update.php, | –°—Ç—Ä–æ–∫–∞: 87
==========================
[2019-08-02 16:34:29] –¢–µ–∫—Å—Ç –æ—à–∏–±–∫–∏: Undefined variable: images | –§–∞–π–ª: C:\xampp\htdocs\multisite\app\views\Updatedb\index.php, | –°—Ç—Ä–æ–∫–∞: 73
==========================
[2019-08-03 09:03:44] –¢–µ–∫—Å—Ç –æ—à–∏–±–∫–∏: Illegal string offset 'lastinsertid' | –§–∞–π–ª: C:\xampp\htdocs\multisite\app\controllers\UpdatedbController.php, | –°—Ç—Ä–æ–∫–∞: 34
==========================
[2019-08-03 09:53:43] –¢–µ–∫—Å—Ç –æ—à–∏–±–∫–∏: Illegal string offset 'lastinsertid' | –§–∞–π–ª: C:\xampp\htdocs\multisite\app\controllers\UpdatedbController.php, | –°—Ç—Ä–æ–∫–∞: 36
==========================
[2019-08-05 09:22:59] –¢–µ–∫—Å—Ç –æ—à–∏–±–∫–∏: Undefined index: city | –§–∞–π–ª: C:\xampp\htdocs\multisite\app\controllers\UpdatedbController.php, | –°—Ç—Ä–æ–∫–∞: 25
==========================
[2019-08-06 12:52:00] –¢–µ–∫—Å—Ç –æ—à–∏–±–∫–∏: Undefined variable: filetmpname | –§–∞–π–ª: C:\xampp\htdocs\multisite\app\views\Set\index.php, | –°—Ç—Ä–æ–∫–∞: 201
==========================
[2019-08-06 13:09:27] –¢–µ–∫—Å—Ç –æ—à–∏–±–∫–∏: CURLFile::__construct() expects parameter 1 to be a valid path, array given | –§–∞–π–ª: C:\xampp\htdocs\multisite\app\models\uploader.php, | –°—Ç—Ä–æ–∫–∞: 60
==========================
[2019-08-06 13:18:23] –¢–µ–∫—Å—Ç –æ—à–∏–±–∫–∏: Array to string conversion | –§–∞–π–ª: C:\xampp\htdocs\multisite\app\controllers\SetController.php, | –°—Ç—Ä–æ–∫–∞: 36
==========================
[2019-08-06 13:18:48] –¢–µ–∫—Å—Ç –æ—à–∏–±–∫–∏: compact(): Undefined variable: filetmpname | –§–∞–π–ª: C:\xampp\htdocs\multisite\app\controllers\SetController.php, | –°—Ç—Ä–æ–∫–∞: 50
==========================
[2019-08-06 13:19:48] –¢–µ–∫—Å—Ç –æ—à–∏–±–∫–∏: Undefined index: tmp_name | –§–∞–π–ª: C:\xampp\htdocs\multisite\app\controllers\SetController.php, | –°—Ç—Ä–æ–∫–∞: 36
==========================
[2019-08-06 13:20:22] –¢–µ–∫—Å—Ç –æ—à–∏–±–∫–∏: Undefined index: tmp_name | –§–∞–π–ª: C:\xampp\htdocs\multisite\app\controllers\SetController.php, | –°—Ç—Ä–æ–∫–∞: 36
==========================
[2019-08-06 13:20:45] –¢–µ–∫—Å—Ç –æ—à–∏–±–∫–∏: Use of undefined constant tmp_name - assumed 'tmp_name' (this will throw an Error in a future version of PHP) | –§–∞–π–ª: C:\xampp\htdocs\multisite\app\controllers\SetController.php, | –°—Ç—Ä–æ–∫–∞: 36
==========================
[2019-08-06 13:22:10] –¢–µ–∫—Å—Ç –æ—à–∏–±–∫–∏: Array to string conversion | –§–∞–π–ª: C:\xampp\htdocs\multisite\app\controllers\SetController.php, | –°—Ç—Ä–æ–∫–∞: 38
==========================
[2019-08-06 13:22:53] –¢–µ–∫—Å—Ç –æ—à–∏–±–∫–∏: Undefined variable: files | –§–∞–π–ª: C:\xampp\htdocs\multisite\app\controllers\SetController.php, | –°—Ç—Ä–æ–∫–∞: 33
==========================
[2019-08-06 13:26:02] –¢–µ–∫—Å—Ç –æ—à–∏–±–∫–∏: compact(): Undefined variable: files | –§–∞–π–ª: C:\xampp\htdocs\multisite\app\controllers\SetController.php, | –°—Ç—Ä–æ–∫–∞: 48
==========================
[2019-08-06 13:28:26] –¢–µ–∫—Å—Ç –æ—à–∏–±–∫–∏: CURLFile::__construct() expects parameter 1 to be a valid path, array given | –§–∞–π–ª: C:\xampp\htdocs\multisite\app\models\uploader.php, | –°—Ç—Ä–æ–∫–∞: 61
==========================
[2019-08-06 13:29:31] –¢–µ–∫—Å—Ç –æ—à–∏–±–∫–∏: Undefined variable: filetmpname | –§–∞–π–ª: C:\xampp\htdocs\multisite\app\controllers\SetController.php, | –°—Ç—Ä–æ–∫–∞: 45
==========================
[2019-08-06 13:34:10] –¢–µ–∫—Å—Ç –æ—à–∏–±–∫–∏: Undefined index: tmp_name | –§–∞–π–ª: C:\xampp\htdocs\multisite\app\views\Set\index.php, | –°—Ç—Ä–æ–∫–∞: 203
==========================
[2019-08-06 13:35:14] –¢–µ–∫—Å—Ç –æ—à–∏–±–∫–∏: Illegal string offset 'tmp_name' | –§–∞–π–ª: C:\xampp\htdocs\multisite\app\views\Set\index.php, | –°—Ç—Ä–æ–∫–∞: 203
==========================
[2019-08-06 13:35:38] –¢–µ–∫—Å—Ç –æ—à–∏–±–∫–∏: Undefined index: tmp_name | –§–∞–π–ª: C:\xampp\htdocs\multisite\app\views\Set\index.php, | –°—Ç—Ä–æ–∫–∞: 203
==========================
[2019-08-06 13:36:59] –¢–µ–∫—Å—Ç –æ—à–∏–±–∫–∏: Undefined index: tmp_name | –§–∞–π–ª: C:\xampp\htdocs\multisite\app\views\Set\index.php, | –°—Ç—Ä–æ–∫–∞: 203
==========================
[2019-08-06 13:37:12] –¢–µ–∫—Å—Ç –æ—à–∏–±–∫–∏: Array to string conversion | –§–∞–π–ª: C:\xampp\htdocs\multisite\app\views\Set\index.php, | –°—Ç—Ä–æ–∫–∞: 203
==========================
[2019-08-06 13:37:38] –¢–µ–∫—Å—Ç –æ—à–∏–±–∫–∏: Array to string conversion | –§–∞–π–ª: C:\xampp\htdocs\multisite\app\views\Set\index.php, | –°—Ç—Ä–æ–∫–∞: 203
==========================
[2019-08-06 13:41:16] –¢–µ–∫—Å—Ç –æ—à–∏–±–∫–∏: Array to string conversion | –§–∞–π–ª: C:\xampp\htdocs\multisite\app\views\Set\index.php, | –°—Ç—Ä–æ–∫–∞: 204
==========================
[2019-08-06 13:41:31] –¢–µ–∫—Å—Ç –æ—à–∏–±–∫–∏: Array to string conversion | –§–∞–π–ª: C:\xampp\htdocs\multisite\app\views\Set\index.php, | –°—Ç—Ä–æ–∫–∞: 204
==========================
[2019-08-06 13:41:33] –¢–µ–∫—Å—Ç –æ—à–∏–±–∫–∏: Array to string conversion | –§–∞–π–ª: C:\xampp\htdocs\multisite\app\views\Set\index.php, | –°—Ç—Ä–æ–∫–∞: 204
==========================
[2019-08-06 13:47:04] –¢–µ–∫—Å—Ç –æ—à–∏–±–∫–∏: Array to string conversion | –§–∞–π–ª: C:\xampp\htdocs\multisite\app\views\Set\index.php, | –°—Ç—Ä–æ–∫–∞: 203
==========================
[2019-08-06 13:47:13] –¢–µ–∫—Å—Ç –æ—à–∏–±–∫–∏: Cannot use [] for reading | –§–∞–π–ª: C:\xampp\htdocs\multisite\app\views\Set\index.php, | –°—Ç—Ä–æ–∫–∞: 203
==========================
[2019-08-06 13:47:14] –¢–µ–∫—Å—Ç –æ—à–∏–±–∫–∏: Cannot use [] for reading | –§–∞–π–ª: C:\xampp\htdocs\multisite\app\views\Set\index.php, | –°—Ç—Ä–æ–∫–∞: 203
==========================
[2019-08-06 13:47:32] –¢–µ–∫—Å—Ç –æ—à–∏–±–∫–∏: Array to string conversion | –§–∞–π–ª: C:\xampp\htdocs\multisite\app\views\Set\index.php, | –°—Ç—Ä–æ–∫–∞: 203
==========================
[2019-08-06 13:50:10] –¢–µ–∫—Å—Ç –æ—à–∏–±–∫–∏: [] operator not supported for strings | –§–∞–π–ª: C:\xampp\htdocs\multisite\app\views\Set\index.php, | –°—Ç—Ä–æ–∫–∞: 204
==========================
[2019-08-06 13:52:56] –¢–µ–∫—Å—Ç –æ—à–∏–±–∫–∏: Array to string conversion | –§–∞–π–ª: C:\xampp\htdocs\multisite\app\views\Set\index.php, | –°—Ç—Ä–æ–∫–∞: 204
==========================
[2019-08-06 13:53:15] –¢–µ–∫—Å—Ç –æ—à–∏–±–∫–∏: Array to string conversion | –§–∞–π–ª: C:\xampp\htdocs\multisite\app\views\Set\index.php, | –°—Ç—Ä–æ–∫–∞: 204
==========================
[2019-08-06 13:56:14] –¢–µ–∫—Å—Ç –æ—à–∏–±–∫–∏: compact(): Undefined variable: file | –§–∞–π–ª: C:\xampp\htdocs\multisite\app\controllers\SetController.php, | –°—Ç—Ä–æ–∫–∞: 36
==========================
[2019-08-06 13:56:48] –¢–µ–∫—Å—Ç –æ—à–∏–±–∫–∏: CURLFile::__construct() expects parameter 1 to be a valid path, array given | –§–∞–π–ª: C:\xampp\htdocs\multisite\app\models\uploader.php, | –°—Ç—Ä–æ–∫–∞: 60
==========================
[2019-08-06 13:57:31] –¢–µ–∫—Å—Ç –æ—à–∏–±–∫–∏: CURLFile::__construct() expects parameter 1 to be a valid path, array given | –§–∞–π–ª: C:\xampp\htdocs\multisite\app\models\uploader.php, | –°—Ç—Ä–æ–∫–∞: 60
==========================
[2019-08-06 13:58:13] –¢–µ–∫—Å—Ç –æ—à–∏–±–∫–∏: Undefined variable: file | –§–∞–π–ª: C:\xampp\htdocs\multisite\app\views\Set\index.php, | –°—Ç—Ä–æ–∫–∞: 199
==========================
[2019-08-07 10:36:09] –¢–µ–∫—Å—Ç –æ—à–∏–±–∫–∏: count(): Parameter must be an array or an object that implements Countable | –§–∞–π–ª: C:\xampp\htdocs\multisite\app\controllers\SetController.php, | –°—Ç—Ä–æ–∫–∞: 37
==========================
[2019-08-07 10:37:57] –¢–µ–∫—Å—Ç –æ—à–∏–±–∫–∏: count(): Parameter must be an array or an object that implements Countable | –§–∞–π–ª: C:\xampp\htdocs\multisite\app\controllers\SetController.php, | –°—Ç—Ä–æ–∫–∞: 37
==========================
[2019-08-07 10:39:21] –¢–µ–∫—Å—Ç –æ—à–∏–±–∫–∏: Class 'app\controllers\CurlFile' not found | –§–∞–π–ª: C:\xampp\htdocs\multisite\app\controllers\SetController.php, | –°—Ç—Ä–æ–∫–∞: 38
==========================
[2019-08-07 10:40:27] –¢–µ–∫—Å—Ç –æ—à–∏–±–∫–∏: Undefined property: app\controllers\SetController::$sites | –§–∞–π–ª: C:\xampp\htdocs\multisite\app\controllers\SetController.php, | –°—Ç—Ä–æ–∫–∞: 61
==========================
[2019-08-07 10:41:34] –¢–µ–∫—Å—Ç –æ—à–∏–±–∫–∏: Undefined property: app\controllers\SetController::$sites | –§–∞–π–ª: C:\xampp\htdocs\multisite\app\controllers\SetController.php, | –°—Ç—Ä–æ–∫–∞: 61
==========================
[2019-08-07 10:43:34] –¢–µ–∫—Å—Ç –æ—à–∏–±–∫–∏: Undefined property: app\controllers\SetController::$sites | –§–∞–π–ª: C:\xampp\htdocs\multisite\app\controllers\SetController.php, | –°—Ç—Ä–æ–∫–∞: 61
==========================
[2019-08-07 10:44:12] –¢–µ–∫—Å—Ç –æ—à–∏–±–∫–∏: Array to string conversion | –§–∞–π–ª: C:\xampp\htdocs\multisite\app\controllers\SetController.php, | –°—Ç—Ä–æ–∫–∞: 65
==========================
[2019-08-07 10:45:25] –¢–µ–∫—Å—Ç –æ—à–∏–±–∫–∏: Array to string conversion | –§–∞–π–ª: C:\xampp\htdocs\multisite\app\controllers\SetController.php, | –°—Ç—Ä–æ–∫–∞: 65
==========================
[2019-08-07 11:41:58] –¢–µ–∫—Å—Ç –æ—à–∏–±–∫–∏: Undefined variable: response | –§–∞–π–ª: C:\xampp\htdocs\multisite\app\controllers\SetController.php, | –°—Ç—Ä–æ–∫–∞: 30
==========================
[2019-08-10 12:03:05] –¢–µ–∫—Å—Ç –æ—à–∏–±–∫–∏: Undefined variable: timestamp | –§–∞–π–ª: C:\xampp\htdocs\multisite\app\controllers\SetController.php, | –°—Ç—Ä–æ–∫–∞: 12
==========================
[2019-08-10 12:03:39] –¢–µ–∫—Å—Ç –æ—à–∏–±–∫–∏: Too few arguments to function app\models\uploader::__construct(), 0 passed in C:\xampp\htdocs\multisite\app\controllers\SetController.php on line 12 and exactly 17 expected | –§–∞–π–ª: C:\xampp\htdocs\multisite\app\models\uploader.php, | –°—Ç—Ä–æ–∫–∞: 26
==========================
[2019-08-10 12:03:47] –¢–µ–∫—Å—Ç –æ—à–∏–±–∫–∏: Too few arguments to function app\models\uploader::__construct(), 0 passed in C:\xampp\htdocs\multisite\app\controllers\SetController.php on line 12 and exactly 17 expected | –§–∞–π–ª: C:\xampp\htdocs\multisite\app\models\uploader.php, | –°—Ç—Ä–æ–∫–∞: 26
==========================
[2019-08-10 12:04:29] –¢–µ–∫—Å—Ç –æ—à–∏–±–∫–∏: Class 'app\controllers\Update' not found | –§–∞–π–ª: C:\xampp\htdocs\multisite\app\controllers\SetController.php, | –°—Ç—Ä–æ–∫–∞: 12
==========================
[2019-08-10 12:11:37] –¢–µ–∫—Å—Ç –æ—à–∏–±–∫–∏: Class 'app\models\PDO' not found | –§–∞–π–ª: C:\xampp\htdocs\multisite\app\models\display.php, | –°—Ç—Ä–æ–∫–∞: 78
==========================
[2019-08-10 12:44:36] –¢–µ–∫—Å—Ç –æ—à–∏–±–∫–∏: require(../models/display.php): failed to open stream: No such file or directory | –§–∞–π–ª: C:\xampp\htdocs\multisite\app\controllers\SetController.php, | –°—Ç—Ä–æ–∫–∞: 2
==========================
[2019-08-10 12:45:07] –¢–µ–∫—Å—Ç –æ—à–∏–±–∫–∏: require(../models/display.php): failed to open stream: No such file or directory | –§–∞–π–ª: C:\xampp\htdocs\multisite\app\controllers\SetController.php, | –°—Ç—Ä–æ–∫–∞: 2
==========================
[2019-08-10 12:45:17] –¢–µ–∫—Å—Ç –æ—à–∏–±–∫–∏: require(models/display.php): failed to open stream: No such file or directory | –§–∞–π–ª: C:\xampp\htdocs\multisite\app\controllers\SetController.php, | –°—Ç—Ä–æ–∫–∞: 2
==========================
[2019-08-10 12:45:23] –¢–µ–∫—Å—Ç –æ—à–∏–±–∫–∏: require(/models/display.php): failed to open stream: No such file or directory | –§–∞–π–ª: C:\xampp\htdocs\multisite\app\controllers\SetController.php, | –°—Ç—Ä–æ–∫–∞: 2
==========================
[2019-08-12 09:11:04] –¢–µ–∫—Å—Ç –æ—à–∏–±–∫–∏: Too few arguments to function app\models\uploader::__construct(), 0 passed in C:\xampp\htdocs\multisite\app\controllers\SetController.php on line 46 and exactly 17 expected | –§–∞–π–ª: C:\xampp\htdocs\multisite\app\models\uploader.php, | –°—Ç—Ä–æ–∫–∞: 26
==========================
[2019-08-12 09:11:58] –¢–µ–∫—Å—Ç –æ—à–∏–±–∫–∏: Too few arguments to function app\models\uploader::__construct(), 0 passed in C:\xampp\htdocs\multisite\app\controllers\SetController.php on line 46 and exactly 17 expected | –§–∞–π–ª: C:\xampp\htdocs\multisite\app\models\uploader.php, | –°—Ç—Ä–æ–∫–∞: 26
==========================
[2019-08-12 09:12:11] –¢–µ–∫—Å—Ç –æ—à–∏–±–∫–∏: Too few arguments to function app\models\uploader::__construct(), 0 passed in C:\xampp\htdocs\multisite\app\controllers\SetController.php on line 46 and exactly 17 expected | –§–∞–π–ª: C:\xampp\htdocs\multisite\app\models\uploader.php, | –°—Ç—Ä–æ–∫–∞: 26
==========================
[2019-08-12 09:12:21] –¢–µ–∫—Å—Ç –æ—à–∏–±–∫–∏: Too few arguments to function app\models\uploader::__construct(), 0 passed in C:\xampp\htdocs\multisite\app\controllers\SetController.php on line 46 and exactly 17 expected | –§–∞–π–ª: C:\xampp\htdocs\multisite\app\models\uploader.php, | –°—Ç—Ä–æ–∫–∞: 26
==========================
[2019-08-12 09:12:43] –¢–µ–∫—Å—Ç –æ—à–∏–±–∫–∏: Too few arguments to function app\models\uploader::__construct(), 0 passed in C:\xampp\htdocs\multisite\app\controllers\SetController.php on line 46 and exactly 17 expected | –§–∞–π–ª: C:\xampp\htdocs\multisite\app\models\uploader.php, | –°—Ç—Ä–æ–∫–∞: 26
==========================
[2019-08-12 09:12:48] –¢–µ–∫—Å—Ç –æ—à–∏–±–∫–∏: Too few arguments to function app\models\uploader::__construct(), 0 passed in C:\xampp\htdocs\multisite\app\controllers\SetController.php on line 46 and exactly 17 expected | –§–∞–π–ª: C:\xampp\htdocs\multisite\app\models\uploader.php, | –°—Ç—Ä–æ–∫–∞: 26
==========================
[2019-08-12 09:13:27] –¢–µ–∫—Å—Ç –æ—à–∏–±–∫–∏: Too few arguments to function app\models\uploader::__construct(), 0 passed in C:\xampp\htdocs\multisite\app\controllers\SetController.php on line 46 and exactly 17 expected | –§–∞–π–ª: C:\xampp\htdocs\multisite\app\models\uploader.php, | –°—Ç—Ä–æ–∫–∞: 26
==========================
[2019-08-12 09:13:36] –¢–µ–∫—Å—Ç –æ—à–∏–±–∫–∏: Undefined variable: categories | –§–∞–π–ª: C:\xampp\htdocs\multisite\app\views\Set\index.php, | –°—Ç—Ä–æ–∫–∞: 205
==========================
[2019-08-12 09:44:18] –¢–µ–∫—Å—Ç –æ—à–∏–±–∫–∏: Undefined property: app\models\Sql::$dbconnect | –§–∞–π–ª: C:\xampp\htdocs\multisite\app\models\sql.php, | –°—Ç—Ä–æ–∫–∞: 17
==========================
[2019-08-12 09:44:36] –¢–µ–∫—Å—Ç –æ—à–∏–±–∫–∏: Undefined property: app\models\Sql::$dbconnect | –§–∞–π–ª: C:\xampp\htdocs\multisite\app\models\sql.php, | –°—Ç—Ä–æ–∫–∞: 17
==========================
[2019-08-12 09:44:37] –¢–µ–∫—Å—Ç –æ—à–∏–±–∫–∏: Undefined property: app\models\Sql::$dbconnect | –§–∞–π–ª: C:\xampp\htdocs\multisite\app\models\sql.php, | –°—Ç—Ä–æ–∫–∞: 17
==========================
[2019-08-12 09:50:01] –¢–µ–∫—Å—Ç –æ—à–∏–±–∫–∏: Class 'App\models\AppModel' not found | –§–∞–π–ª: C:\xampp\htdocs\multisite\app\models\sql.php, | –°—Ç—Ä–æ–∫–∞: 9
==========================
[2019-08-12 09:50:23] –¢–µ–∫—Å—Ç –æ—à–∏–±–∫–∏: Class 'App\models\AppModel' not found | –§–∞–π–ª: C:\xampp\htdocs\multisite\app\models\sql.php, | –°—Ç—Ä–æ–∫–∞: 7
==========================
[2019-08-12 09:52:38] –¢–µ–∫—Å—Ç –æ—à–∏–±–∫–∏: Class 'App\models\AppModel' not found | –§–∞–π–ª: C:\xampp\htdocs\multisite\app\models\sql.php, | –°—Ç—Ä–æ–∫–∞: 7
==========================
[2019-08-12 09:55:44] –¢–µ–∫—Å—Ç –æ—à–∏–±–∫–∏: Class 'App\models\AppModel' not found | –§–∞–π–ª: C:\xampp\htdocs\multisite\app\models\sql.php, | –°—Ç—Ä–æ–∫–∞: 7
==========================
[2019-08-12 09:56:39] –¢–µ–∫—Å—Ç –æ—à–∏–±–∫–∏: Class 'App\models\AppModel' not found | –§–∞–π–ª: C:\xampp\htdocs\multisite\app\models\sql.php, | –°—Ç—Ä–æ–∫–∞: 7
==========================
[2019-08-12 10:00:55] –¢–µ–∫—Å—Ç –æ—à–∏–±–∫–∏: Class 'App\models\AppModel' not found | –§–∞–π–ª: C:\xampp\htdocs\multisite\app\models\sql.php, | –°—Ç—Ä–æ–∫–∞: 7
==========================
[2019-08-12 10:18:17] –¢–µ–∫—Å—Ç –æ—à–∏–±–∫–∏: syntax error, unexpected '$value' (T_VARIABLE), expecting ',' or ';' | –§–∞–π–ª: C:\xampp\htdocs\multisite\app\views\Set\index.php, | –°—Ç—Ä–æ–∫–∞: 168
==========================
[2019-08-12 10:18:46] –¢–µ–∫—Å—Ç –æ—à–∏–±–∫–∏: Object of class stdClass could not be converted to string | –§–∞–π–ª: C:\xampp\htdocs\multisite\app\views\Set\index.php, | –°—Ç—Ä–æ–∫–∞: 168
==========================
[2019-08-12 10:19:08] –¢–µ–∫—Å—Ç –æ—à–∏–±–∫–∏: Object of class stdClass could not be converted to string | –§–∞–π–ª: C:\xampp\htdocs\multisite\app\views\Set\index.php, | –°—Ç—Ä–æ–∫–∞: 168
==========================
[2019-08-12 10:23:30] –¢–µ–∫—Å—Ç –æ—à–∏–±–∫–∏: Object of class stdClass could not be converted to string | –§–∞–π–ª: C:\xampp\htdocs\multisite\app\views\Set\index.php, | –°—Ç—Ä–æ–∫–∞: 168
==========================
[2019-08-12 10:23:40] –¢–µ–∫—Å—Ç –æ—à–∏–±–∫–∏: Object of class stdClass could not be converted to string | –§–∞–π–ª: C:\xampp\htdocs\multisite\app\views\Set\index.php, | –°—Ç—Ä–æ–∫–∞: 168
==========================
[2019-08-12 10:24:12] –¢–µ–∫—Å—Ç –æ—à–∏–±–∫–∏: Object of class stdClass could not be converted to string | –§–∞–π–ª: C:\xampp\htdocs\multisite\app\views\Set\index.php, | –°—Ç—Ä–æ–∫–∞: 169
==========================
[2019-08-12 10:24:33] –¢–µ–∫—Å—Ç –æ—à–∏–±–∫–∏: Object of class stdClass could not be converted to string | –§–∞–π–ª: C:\xampp\htdocs\multisite\app\views\Set\index.php, | –°—Ç—Ä–æ–∫–∞: 169
==========================
[2019-08-12 10:24:59] –¢–µ–∫—Å—Ç –æ—à–∏–±–∫–∏: Object of class stdClass could not be converted to string | –§–∞–π–ª: C:\xampp\htdocs\multisite\app\views\Set\index.php, | –°—Ç—Ä–æ–∫–∞: 169
==========================
[2019-08-12 10:26:25] –¢–µ–∫—Å—Ç –æ—à–∏–±–∫–∏: Cannot use object of type stdClass as array | –§–∞–π–ª: C:\xampp\htdocs\multisite\app\views\Set\index.php, | –°—Ç—Ä–æ–∫–∞: 169
==========================
[2019-08-12 10:28:02] –¢–µ–∫—Å—Ç –æ—à–∏–±–∫–∏: Undefined property: stdClass::$name_ru | –§–∞–π–ª: C:\xampp\htdocs\multisite\app\views\Set\index.php, | –°—Ç—Ä–æ–∫–∞: 169
==========================
[2019-08-12 10:33:25] –¢–µ–∫—Å—Ç –æ—à–∏–±–∫–∏: Undefined index: product_id | –§–∞–π–ª: C:\xampp\htdocs\multisite\app\views\Set\index.php, | –°—Ç—Ä–æ–∫–∞: 169
==========================
[2019-08-13 15:56:08] –¢–µ–∫—Å—Ç –æ—à–∏–±–∫–∏: Undefined index: userid | –§–∞–π–ª: C:\xampp\htdocs\multisite\app\views\User\userpage.php, | –°—Ç—Ä–æ–∫–∞: 70
==========================
[2019-08-13 15:57:00] –¢–µ–∫—Å—Ç –æ—à–∏–±–∫–∏: Undefined index: userid | –§–∞–π–ª: C:\xampp\htdocs\multisite\app\views\User\userpage.php, | –°—Ç—Ä–æ–∫–∞: 70
==========================
[2019-08-13 15:57:33] –¢–µ–∫—Å—Ç –æ—à–∏–±–∫–∏: Undefined index: user | –§–∞–π–ª: C:\xampp\htdocs\multisite\app\controllers\UserpageController.php, | –°—Ç—Ä–æ–∫–∞: 46
==========================
[2019-08-13 15:58:11] –¢–µ–∫—Å—Ç –æ—à–∏–±–∫–∏: Undefined index: user | –§–∞–π–ª: C:\xampp\htdocs\multisite\app\controllers\MessagesController.php, | –°—Ç—Ä–æ–∫–∞: 16
==========================
[2019-09-11 09:51:06] –¢–µ–∫—Å—Ç –æ—à–∏–±–∫–∏: Undefined variable: output_products | –§–∞–π–ª: C:\xampp\htdocs\multisite\app\views\Updatedb\Spb.php, | –°—Ç—Ä–æ–∫–∞: 67
==========================
[2019-09-11 10:39:20] –¢–µ–∫—Å—Ç –æ—à–∏–±–∫–∏: Invalid argument supplied for foreach() | –§–∞–π–ª: C:\xampp\htdocs\multisite\app\controllers\UpdatedbController.php, | –°—Ç—Ä–æ–∫–∞: 21
==========================
[2019-09-11 11:31:31] –¢–µ–∫—Å—Ç –æ—à–∏–±–∫–∏: Maximum execution time of 3000 seconds exceeded | –§–∞–π–ª: C:\xampp\htdocs\multisite\app\models\update.php, | –°—Ç—Ä–æ–∫–∞: 99
==========================
[2019-09-12 13:56:20] –¢–µ–∫—Å—Ç –æ—à–∏–±–∫–∏: Undefined offset: 0 | –§–∞–π–ª: C:\xampp\htdocs\multisite\app\views\layouts\default.php, | –°—Ç—Ä–æ–∫–∞: 52
==========================
[2019-09-12 13:56:29] –¢–µ–∫—Å—Ç –æ—à–∏–±–∫–∏: Cannot use [] for reading | –§–∞–π–ª: C:\xampp\htdocs\multisite\app\views\layouts\default.php, | –°—Ç—Ä–æ–∫–∞: 52
==========================
[2019-09-12 14:07:15] –¢–µ–∫—Å—Ç –æ—à–∏–±–∫–∏: syntax error, unexpected 'endif' (T_ENDIF), expecting end of file | –§–∞–π–ª: C:\xampp\htdocs\multisite\app\views\tutorial\index.php, | –°—Ç—Ä–æ–∫–∞: 67
==========================
[2019-09-13 14:47:39] –¢–µ–∫—Å—Ç –æ—à–∏–±–∫–∏: Maximum execution time of 6000 seconds exceeded | –§–∞–π–ª: C:\xampp\htdocs\multisite\app\models\update.php, | –°—Ç—Ä–æ–∫–∞: 26
==========================
[2019-09-21 11:21:33] –¢–µ–∫—Å—Ç –æ—à–∏–±–∫–∏: Undefined index: PriceAndQuantity | –§–∞–π–ª: C:\xampp\htdocs\multisite\app\controllers\UpdatedbController.php, | –°—Ç—Ä–æ–∫–∞: 51
==========================
[2019-09-21 11:21:43] –¢–µ–∫—Å—Ç –æ—à–∏–±–∫–∏: Undefined index: PriceAndQuantity | –§–∞–π–ª: C:\xampp\htdocs\multisite\app\controllers\UpdatedbController.php, | –°—Ç—Ä–æ–∫–∞: 51
==========================
[2019-09-21 11:23:24] –¢–µ–∫—Å—Ç –æ—à–∏–±–∫–∏: Undefined index: PriceAndQuantity | –§–∞–π–ª: C:\xampp\htdocs\multisite\app\controllers\UpdatedbController.php, | –°—Ç—Ä–æ–∫–∞: 51
==========================
[2019-09-21 11:23:28] –¢–µ–∫—Å—Ç –æ—à–∏–±–∫–∏: Undefined index: PriceAndQuantity | –§–∞–π–ª: C:\xampp\htdocs\multisite\app\controllers\UpdatedbController.php, | –°—Ç—Ä–æ–∫–∞: 51
==========================
[2019-09-21 11:23:59] –¢–µ–∫—Å—Ç –æ—à–∏–±–∫–∏: Undefined index: PriceAndQuantity | –§–∞–π–ª: C:\xampp\htdocs\multisite\app\controllers\UpdatedbController.php, | –°—Ç—Ä–æ–∫–∞: 52
==========================
[2019-09-21 11:24:14] –¢–µ–∫—Å—Ç –æ—à–∏–±–∫–∏: Undefined index: PriceAndQuantity | –§–∞–π–ª: C:\xampp\htdocs\multisite\app\controllers\UpdatedbController.php, | –°—Ç—Ä–æ–∫–∞: 52
==========================
[2019-09-21 11:32:14] –¢–µ–∫—Å—Ç –æ—à–∏–±–∫–∏: Too few arguments to function app\models\Update::Get_all_products(), 0 passed in C:\xampp\htdocs\multisite\app\controllers\UpdatedbController.php on line 54 and exactly 1 expected | –§–∞–π–ª: C:\xampp\htdocs\multisite\app\models\update.php, | –°—Ç—Ä–æ–∫–∞: 12
==========================
[2019-09-23 09:58:55] –¢–µ–∫—Å—Ç –æ—à–∏–±–∫–∏: Illegal string offset 'product_ean' | –§–∞–π–ª: C:\xampp\htdocs\multisite\app\controllers\UpdatedbController.php, | –°—Ç—Ä–æ–∫–∞: 57
==========================
[2019-09-23 10:00:19] –¢–µ–∫—Å—Ç –æ—à–∏–±–∫–∏: Illegal string offset 'product_quantity' | –§–∞–π–ª: C:\xampp\htdocs\multisite\app\controllers\UpdatedbController.php, | –°—Ç—Ä–æ–∫–∞: 57
==========================
[2019-09-23 10:01:00] –¢–µ–∫—Å—Ç –æ—à–∏–±–∫–∏: Illegal string offset 'product_quantity' | –§–∞–π–ª: C:\xampp\htdocs\multisite\app\controllers\UpdatedbController.php, | –°—Ç—Ä–æ–∫–∞: 57
==========================
[2019-09-23 10:19:01] –¢–µ–∫—Å—Ç –æ—à–∏–±–∫–∏: Too few arguments to function app\models\Update::update_price_and_quantity(), 3 passed in C:\xampp\htdocs\multisite\app\controllers\UpdatedbController.php on line 56 and exactly 4 expected | –§–∞–π–ª: C:\xampp\htdocs\multisite\app\models\update.php, | –°—Ç—Ä–æ–∫–∞: 130
==========================
[2019-09-23 10:19:29] –¢–µ–∫—Å—Ç –æ—à–∏–±–∫–∏: Undefined variable: receiver | –§–∞–π–ª: C:\xampp\htdocs\multisite\app\models\update.php, | –°—Ç—Ä–æ–∫–∞: 139
==========================
[2019-09-23 10:20:49] –¢–µ–∫—Å—Ç –æ—à–∏–±–∫–∏: Undefined variable: ean | –§–∞–π–ª: C:\xampp\htdocs\multisite\app\views\Updatedb\PriceAndQuantity.php, | –°—Ç—Ä–æ–∫–∞: 62
==========================
[2019-09-23 11:56:05] –¢–µ–∫—Å—Ç –æ—à–∏–±–∫–∏: syntax error, unexpected end of file, expecting elseif (T_ELSEIF) or else (T_ELSE) or endif (T_ENDIF) | –§–∞–π–ª: C:\xampp\htdocs\multisite\app\views\Updatedb\PriceAndQuantity.php, | –°—Ç—Ä–æ–∫–∞: 83
==========================
[2019-09-23 13:13:06] –¢–µ–∫—Å—Ç –æ—à–∏–±–∫–∏: Invalid argument supplied for foreach() | –§–∞–π–ª: C:\xampp\htdocs\multisite\app\controllers\UpdatedbController.php, | –°—Ç—Ä–æ–∫–∞: 41
==========================
[2019-09-23 13:24:02] –¢–µ–∫—Å—Ç –æ—à–∏–±–∫–∏: Invalid argument supplied for foreach() | –§–∞–π–ª: C:\xampp\htdocs\multisite\app\controllers\UpdatedbController.php, | –°—Ç—Ä–æ–∫–∞: 41
==========================
[2019-09-23 15:23:38] –¢–µ–∫—Å—Ç –æ—à–∏–±–∫–∏: Undefined variable: output_products | –§–∞–π–ª: C:\xampp\htdocs\multisite\app\views\Updatedb\index.php, | –°—Ç—Ä–æ–∫–∞: 83
==========================
[2019-09-23 15:27:43] –¢–µ–∫—Å—Ç –æ—à–∏–±–∫–∏: Use of undefined constant originalid - assumed 'originalid' (this will throw an Error in a future version of PHP) | –§–∞–π–ª: C:\xampp\htdocs\multisite\app\views\Updatedb\index.php, | –°—Ç—Ä–æ–∫–∞: 89
==========================
[2019-09-23 15:34:46] –¢–µ–∫—Å—Ç –æ—à–∏–±–∫–∏: Invalid argument supplied for foreach() | –§–∞–π–ª: C:\xampp\htdocs\multisite\app\controllers\UpdatedbController.php, | –°—Ç—Ä–æ–∫–∞: 45
==========================
[2019-09-24 13:58:45] –¢–µ–∫—Å—Ç –æ—à–∏–±–∫–∏: Invalid argument supplied for foreach() | –§–∞–π–ª: C:\xampp\htdocs\multisite\app\controllers\UpdatedbController.php, | –°—Ç—Ä–æ–∫–∞: 43
==========================
[2019-09-25 12:24:34] –¢–µ–∫—Å—Ç –æ—à–∏–±–∫–∏: Maximum execution time of 12000 seconds exceeded | –§–∞–π–ª: C:\xampp\htdocs\multisite\app\models\update.php, | –°—Ç—Ä–æ–∫–∞: 109
==========================
